\BOOKMARK [0][-]{chapter.1}{\376\377\000I\000n\000t\000r\000o\000d\000u\000c\000c\000i\000\363\000n}{}% 1
\BOOKMARK [0][-]{chapter.2}{\376\377\000D\000e\000f\000i\000n\000i\000c\000i\000o\000n\000e\000s}{}% 2
\BOOKMARK [1][-]{section.2.1}{\376\377\000V\000P\000N}{chapter.2}% 3
\BOOKMARK [2][-]{subsection.2.1.1}{\376\377\000P\000r\000o\000t\000o\000c\000o\000l\000o\000s\000\040\000d\000e\000\040\000t\000\372\000n\000e\000l\000e\000s}{section.2.1}% 4
\BOOKMARK [2][-]{subsection.2.1.2}{\376\377\000F\000l\000u\000j\000o\000\040\000d\000e\000\040\000o\000p\000e\000r\000a\000c\000i\000\363\000n\000\040\000d\000e\000\040\000u\000n\000a\000\040\000V\000P\000N}{section.2.1}% 5
\BOOKMARK [1][-]{section.2.2}{\376\377\000W\000i\000r\000e\000G\000u\000a\000r\000d}{chapter.2}% 6
\BOOKMARK [2][-]{subsection.2.2.1}{\376\377\000F\000l\000u\000j\000o\000\040\000d\000e\000\040\000O\000p\000e\000r\000a\000c\000i\000\363\000n}{section.2.2}% 7
\BOOKMARK [2][-]{subsection.2.2.2}{\376\377\000A\000l\000g\000o\000r\000i\000t\000m\000o\000s\000\040\000C\000r\000i\000p\000t\000o\000g\000r\000\341\000f\000i\000c\000o\000s}{section.2.2}% 8
\BOOKMARK [1][-]{section.2.3}{\376\377\000T\000a\000i\000l\000s\000c\000a\000l\000e}{chapter.2}% 9
\BOOKMARK [1][-]{section.2.4}{\376\377\000N\000A\000T}{chapter.2}% 10
\BOOKMARK [1][-]{section.2.5}{\376\377\000F\000i\000r\000e\000w\000a\000l\000l}{chapter.2}% 11
\BOOKMARK [0][-]{chapter.3}{\376\377\000D\000e\000s\000a\000r\000r\000o\000l\000l\000o}{}% 12
\BOOKMARK [1][-]{section.3.1}{\376\377\000O\000b\000j\000e\000t\000i\000v\000o\000s\000\040\000d\000e\000l\000\040\000p\000r\000o\000g\000r\000a\000m\000a}{chapter.3}% 13
\BOOKMARK [1][-]{section.3.2}{\376\377\000F\000u\000n\000c\000i\000o\000n\000a\000l\000i\000d\000a\000d\000\040\000d\000e\000l\000\040\000o\000r\000q\000u\000e\000s\000t\000r\000a\000d\000o\000r}{chapter.3}% 14
\BOOKMARK [1][-]{section.3.3}{\376\377\000D\000e\000s\000c\000r\000i\000p\000c\000i\000\363\000n\000\040\000d\000e\000l\000\040\000o\000r\000q\000u\000e\000s\000t\000r\000a\000d\000o\000r}{chapter.3}% 15
\BOOKMARK [1][-]{section.3.4}{\376\377\000H\000e\000r\000r\000a\000m\000i\000e\000n\000t\000a\000s\000\040\000a\000\040\000u\000t\000i\000l\000i\000z\000a\000r}{chapter.3}% 16
\BOOKMARK [1][-]{section.3.5}{\376\377\000C\000o\000m\000p\000o\000n\000e\000n\000t\000e\000s\000\040\000d\000e\000l\000\040\000o\000r\000q\000u\000e\000s\000t\000r\000a\000d\000o\000r}{chapter.3}% 17
\BOOKMARK [2][-]{subsection.3.5.1}{\376\377\000D\000i\000a\000g\000r\000a\000m\000a\000\040\000d\000e\000\040\000c\000l\000a\000s\000e\000s}{section.3.5}% 18
\BOOKMARK [1][-]{section.3.6}{\376\377\000F\000l\000u\000j\000o\000\040\000d\000e\000l\000\040\000p\000r\000o\000g\000r\000a\000m\000a}{chapter.3}% 19
\BOOKMARK [2][-]{subsection.3.6.1}{\376\377\000C\000o\000n\000e\000x\000i\000\363\000n\000\040\000d\000e\000\040\000d\000i\000s\000p\000o\000s\000i\000t\000i\000v\000o\000s\000\040\000f\000i\000n\000a\000l\000e\000s}{section.3.6}% 20
\BOOKMARK [1][-]{section.3.7}{\376\377\000C\000a\000s\000o\000s\000\040\000d\000e\000\040\000u\000s\000o}{chapter.3}% 21
\BOOKMARK [2][-]{subsection.3.7.1}{\376\377\000I\000d\000e\000n\000t\000i\000f\000i\000c\000a\000c\000i\000\363\000n\000\040\000d\000e\000l\000\040\000u\000s\000u\000a\000r\000i\000o}{section.3.7}% 22
\BOOKMARK [2][-]{subsection.3.7.2}{\376\377\000R\000e\000g\000i\000s\000t\000r\000o\000\040\000d\000e\000\040\000u\000n\000a\000\040\000r\000e\000d\000\040\000p\000r\000i\000v\000a\000d\000a}{section.3.7}% 23
\BOOKMARK [2][-]{subsection.3.7.3}{\376\377\000R\000e\000g\000i\000s\000t\000r\000o\000\040\000d\000e\000\040\000u\000n\000\040\000d\000i\000s\000p\000o\000s\000i\000t\000i\000v\000o\000\040\000f\000i\000n\000a\000l}{section.3.7}% 24
\BOOKMARK [2][-]{subsection.3.7.4}{\376\377\000C\000l\000i\000e\000n\000t\000e\000\040\000v\000e\000r\000i\000f\000i\000c\000a\000\040\000c\000o\000n\000e\000c\000t\000i\000v\000i\000d\000a\000d\000\040\000c\000o\000n\000\040\000s\000u\000s\000\040\000e\000n\000d\000p\000o\000i\000n\000t\000\040\000r\000e\000g\000i\000s\000t\000r\000a\000d\000o\000s}{section.3.7}% 25
\BOOKMARK [2][-]{subsection.3.7.5}{\376\377\000C\000l\000i\000e\000n\000t\000e\000\040\000c\000o\000n\000s\000u\000l\000t\000a\000\040\000i\000n\000f\000o\000r\000m\000a\000c\000i\000\363\000n\000\040\000d\000e\000\040\000r\000e\000d\000\040\000p\000r\000i\000v\000a\000d\000a\000\040\000a\000l\000\040\000o\000r\000q\000u\000e\000s\000t\000r\000a\000d\000o\000r}{section.3.7}% 26
\BOOKMARK [2][-]{subsection.3.7.6}{\376\377\000C\000l\000i\000e\000n\000t\000e\000\040\000c\000o\000n\000s\000u\000l\000t\000a\000\040\000r\000e\000d\000e\000s\000\040\000p\000r\000i\000v\000a\000d\000a\000s\000\040\000d\000i\000s\000p\000o\000n\000i\000b\000l\000e\000s}{section.3.7}% 27
\BOOKMARK [2][-]{subsection.3.7.7}{\376\377\000O\000r\000q\000u\000e\000s\000t\000r\000a\000d\000o\000r\000\040\000d\000i\000v\000u\000l\000g\000a\000\040\000t\000a\000b\000l\000e\000r\000o\000\040\000d\000e\000\040\000r\000e\000d\000\040\000p\000r\000i\000v\000a\000d\000a}{section.3.7}% 28
\BOOKMARK [0][-]{chapter.4}{\376\377\000R\000e\000s\000u\000l\000t\000a\000d\000o\000s}{}% 29
\BOOKMARK [0][-]{chapter.5}{\376\377\000C\000o\000n\000c\000l\000u\000s\000i\000o\000n\000e\000s}{}% 30
